<?xml version="1.0" encoding="UTF-8"?>
<!-- Generated by org.testng.reporters.JUnitReportReporter -->
<testsuite hostname="RYARRAGPF13G3GG" failures="0" tests="11" name="testscripts.A_Sanity_Check" time="62.391" errors="0" timestamp="2020-11-24T14:02:07 IST" skipped="0">
  <testcase classname="testscripts.A_Sanity_Check" name="Application_Login_Check" time="7.829"/>
  <system-out>
Entered the text in the field : ***** Username ***** as --> ***** otadmin@otds.admin *****. Entered the text in the field : ***** Password ***** as --> ***** P@ssw0rd123! *****. Clicked <- Login Button -> button/link.  </system-out>
  <testcase classname="testscripts.A_Sanity_Check" name="Admin_Server_Check" time="3.971"/>
  <system-out>
Clicked <- Search and Indexing Status -> button/link.  </system-out>
  <testcase classname="testscripts.A_Sanity_Check" name="Partition_Map_Check" time="4.135"/>
  <system-out>
Clicked <- Partition Map -> button/link.  </system-out>
  <testcase classname="testscripts.A_Sanity_Check" name="Data_Flow_Manager_Check" time="4.900"/>
  <system-out>
Clicked <- Data Flow Manager -> button/link.  </system-out>
  <testcase classname="testscripts.A_Sanity_Check" name="Enterprise_Update_Distributor_Check" time="4.142"/>
  <system-out>
Clicked <- Data Flow Manager -> button/link.  </system-out>
  <testcase classname="testscripts.A_Sanity_Check" name="EUD_Index_Engines_Check" time="15.490"/>
  <system-out>
Clicked <- Data Flow Manager -> button/link. Clicked <- Enterprise Update Distributor Link -> button/link. Clicked <- Index Engines Link -> button/link.  </system-out>
  <testcase classname="testscripts.A_Sanity_Check" name="All_Search_Federators_Check" time="4.107"/>
  <system-out>
Clicked <- All Search Federators -> button/link.  </system-out>
  <testcase classname="testscripts.A_Sanity_Check" name="Ingestion_Check_Last_5_Minutes" time="4.389"/>
  <system-out>
Clicked <- Instantaneous check for Ingestion and Retrieval for last 5 minutes -> button/link.  </system-out>
  <testcase classname="testscripts.A_Sanity_Check" name="Ingestion_Check_Last_6_Hours" time="3.651"/>
  <system-out>
Clicked <- check for Ingestion and Retrieval Failures for last 6 hours -> button/link.  </system-out>
  <testcase classname="testscripts.A_Sanity_Check" name="DB_Contention_Check_Last_12_Hours" time="5.623"/>
  <system-out>
Clicked <- Detect DB Contention Last 12 hours -> button/link.  </system-out>
  <testcase classname="testscripts.A_Sanity_Check" name="User_Thread_Status_Check" time="4.154"/>
  <system-out>
Clicked <- Thread Status -> button/link.  </system-out>
</testsuite> <!-- testscripts.A_Sanity_Check -->
