<?xml version="1.0" encoding="UTF-8"?>
<!-- Generated by org.testng.reporters.JUnitReportReporter -->
<testsuite hostname="RYARRAGPF13G3GG" failures="0" tests="1" name="testscripts.TC01_PIMS_Login" time="44.889" errors="0" timestamp="2020-07-08T10:42:10 IST" skipped="0">
  <testcase classname="testscripts.TC01_PIMS_Login" name="QG_Login_Check" time="44.889"/>
  <system-out>
D2 PIMS Login page is displayed successfully. Entered the text in the field : ***** Username ***** as --> ***** test_QAQC_D6 *****. Entered the text in the field : ***** Password ***** as --> ***** qg *****. Clicked <- Login Button -> button/link. PIMS Application page is displayed successfully.Logged in as User : test_QAQC_D6 Required workspace is the Active Workspace --> DOCUMENT CONTROLLER WORKSPACE. Container is already expanded. Clicked ***** Search For: ***** dropdown. Entered the text in the field : ***** Search For: - Input ***** as --> ***** Engineering/Vendor Deliverables *****. Selected the LOV in ***** Search For: ***** dropdown as Engineering/Vendor Deliverables. Entered the text in the field : ***** Document Number: ***** as --> ***** 0220-29-00-IN-DS-NA-072 *****. Entered the input in text field : ***** Document Number: as 0220-29-00-IN-DS-NA-072. All REVISIONS flag is set as YES Number of results for the applied Quick Search criteria --> 1 Document Properties --> {In CR?=, Pub=Yes, Has Matrix?=Yes, Review State=Completed, Document Number=0220-29-00-IN-DS-NA-072, Revision=B, Title=Doc Team10-QG2 LWWI - INSTRUMENTATION - SP DIFFERENTIAL PRESSURE GAUGES DATA SHEETS (SYSTEM 29), Issue Reason=IFR, Modified=02-Jul-2020 15:42:45, Acceptance Code=B-Approved/Reviewed with minor comments, Contractor=ABB - ABB, Asset=QG2, Discipline=Instrumentation, SubDiscipline=Not Applicable, Document Type=Data Sheet, Criticality Level=Normal, Status=Published, Issue Date=24-Feb-2020 10:33:58}  </system-out>
</testsuite> <!-- testscripts.TC01_PIMS_Login -->
