<?xml version="1.0" encoding="UTF-8"?>
<!-- Generated by org.testng.reporters.JUnitReportReporter -->
<testsuite hostname="RYARRAGPF13G3GG" failures="0" tests="1" name="testscripts.TC01_SE_Login" time="0.094" errors="0" timestamp="2020-06-17T09:53:42 IST" skipped="0">
  <testcase classname="testscripts.TC01_SE_Login" name="QG_SE_Login" time="0.094"/>
  <system-out>
Qatar Gas - Supplier Exchange  Login page is displayed successfully.  </system-out>
</testsuite> <!-- testscripts.TC01_SE_Login -->
