<?xml version="1.0" encoding="UTF-8"?>
<!-- Generated by org.testng.reporters.JUnitReportReporter -->
<testsuite hostname="RYARRAGPF13G3GG" failures="0" tests="2" name="testscripts.TC04_Perform_Action" time="60.415" errors="0" timestamp="2020-07-24T12:13:03 IST" skipped="0">
  <testcase classname="testscripts.TC04_Perform_Action" name="QG_Login_Check" time="25.276"/>
  <system-out>
D2 PIMS Login page is displayed successfully. Entered the text in the field : ***** Username ***** as --> ***** test_QAQC_D6 *****. Entered the text in the field : ***** Password ***** as --> ***** qg *****. Clicked <- Login Button -> button/link. PIMS Application page is displayed successfully.Logged in as User : test_QAQC_D6 Workspaces available for the user are test_QAQC_D6 are : [TASKS/REVIEWS WORKSPACE, REPORTING WORKSPACE, DOCUMENT CONTROLLER WORKSPACE]  </system-out>
  <testcase classname="testscripts.TC04_Perform_Action" name="Quick_Search_Engineering_Deliverables" time="35.139"/>
  <system-out>
PIMS Application page is displayed successfully.Logged in as User : test_QAQC_D6 Workspaces available for the user are test_QAQC_D6 are : [TASKS/REVIEWS WORKSPACE, REPORTING WORKSPACE, DOCUMENT CONTROLLER WORKSPACE] Quick SearchContainer is already expanded. Clicked ***** Search For: ***** dropdown. Entered the text in the field : ***** Search For: - Input ***** as --> ***** Engineering/Vendor Deliverables *****. Selected the LOV in ***** Search For: ***** dropdown as Engineering/Vendor Deliverables. Entered the text in the field : ***** Document Number: ***** as --> ***** 3339-29-00-IN-DS-NA-444 *****. Deliverable Type : Engineering/Vendor Deliverables & Document Number : 3339-29-00-IN-DS-NA-444 --> There is one result identified for the applied Quick Search filter criteria --> 1 Number of Documents displayed in the Search Results : 1 PASS::Result #1 --> Verification of data for : Document Number [Expected Value --> 3339-29-00-IN-DS-NA-444] is successful. Actual Data is --> 3339-29-00-IN-DS-NA-444 PASS::Result #1 --> Verification of data for : Discipline [Expected Value --> Instrumentation] is successful. Actual Data is --> Instrumentation PASS::Result #1 --> Verification of data for : Document Type [Expected Value --> Data Sheet] is successful. Actual Data is --> Data Sheet ******************** Verification of results data is completed. ******************** Click First Result flag is set as NO. Number of Documents displayed in the Search Results : 1 Result 1 :: Document Number --> 3339-29-00-IN-DS-NA-444 ; Revision --> B Required Result is Line item --> 1 Clicked <- Publish -> button/link. Clicked <- Publish -  Close -> button/link. Quick SearchContainer is already expanded. Clicked ***** Search For: ***** dropdown. Entered the text in the field : ***** Search For: - Input ***** as --> ***** Engineering/Vendor Deliverables *****. Selected the LOV in ***** Search For: ***** dropdown as Engineering/Vendor Deliverables. Entered the text in the field : ***** Document Number: ***** as --> ***** 3339-29-00-IN-DS-NA-444 *****. Deliverable Type : Engineering/Vendor Deliverables & Document Number : 3339-29-00-IN-DS-NA-444 --> There is one result identified for the applied Quick Search filter criteria --> 1 Number of Documents displayed in the Search Results : 1 PASS::Result #1 --> Verification of data for : Document Number [Expected Value --> 3339-29-00-IN-DS-NA-444] is successful. Actual Data is --> 3339-29-00-IN-DS-NA-444 PASS::Result #1 --> Verification of data for : Discipline [Expected Value --> Instrumentation] is successful. Actual Data is --> Instrumentation PASS::Result #1 --> Verification of data for : Document Type [Expected Value --> Data Sheet] is successful. Actual Data is --> Data Sheet ******************** Verification of results data is completed. ******************** Click First Result flag is set as NO.  </system-out>
</testsuite> <!-- testscripts.TC04_Perform_Action -->
