<?xml version="1.0" encoding="UTF-8"?>
<!-- Generated by org.testng.reporters.JUnitReportReporter -->
<testsuite hostname="RYARRAGPF13G3GG" failures="0" tests="2" name="testscripts.Sanity_Check" time="57.235" errors="0" timestamp="2021-04-08T15:10:29 IST" skipped="0">
  <testcase classname="testscripts.Sanity_Check" name="Application_Login_Check" time="12.856"/>
  <system-out/>
  <testcase classname="testscripts.Sanity_Check" name="Launch_Youtube" time="44.379"/>
  <system-out/>
</testsuite> <!-- testscripts.Sanity_Check -->
