<?xml version="1.0" encoding="UTF-8"?>
<!-- Generated by org.testng.reporters.JUnitReportReporter -->
<testsuite hostname="RYARRAGPF13G3GG" failures="0" tests="1" name="testscripts.TC01_User_Login" time="24.733" errors="0" timestamp="2020-08-19T11:33:53 IST" skipped="0">
  <testcase classname="testscripts.TC01_User_Login" name="QG_Login_Check" time="24.733"/>
  <system-out>
D2 PIMS Login page is displayed successfully. Entered the text in the field : ***** Username ***** as --> ***** test_QAQC_D6 *****. Entered the text in the field : ***** Password ***** as --> ***** qg *****. Clicked <- Login Button -> button/link. PIMS Application page is displayed successfully.Logged in as User : test_QAQC_D6 Workspaces available for the user are test_QAQC_D6 are : [REPORTING WORKSPACE, DOCUMENT CONTROLLER WORKSPACE]  </system-out>
</testsuite> <!-- testscripts.TC01_User_Login -->
