<?xml version="1.0" encoding="UTF-8"?>
<!-- Generated by org.testng.reporters.JUnitReportReporter -->
<testsuite hostname="RYARRAGPF13G3GG" failures="0" tests="2" name="testscripts.TC05_TestNG_Check" time="25.011" errors="0" timestamp="2020-08-18T13:51:13 IST" skipped="0">
  <testcase classname="testscripts.TC05_TestNG_Check" name="QG_Login_Check" time="10.010"/>
  <system-out/>
  <testcase classname="testscripts.TC05_TestNG_Check" name="Quick_Search_Engineering_Deliverables" time="15.001"/>
  <system-out/>
</testsuite> <!-- testscripts.TC05_TestNG_Check -->
