<?xml version="1.0" encoding="UTF-8"?>
<!-- Generated by org.testng.reporters.JUnitReportReporter -->
<testsuite hostname="RYARRAGPF13G3GG" failures="0" tests="2" name="testscripts.TC01_Sample" time="0.005" errors="0" timestamp="2020-06-17T11:06:18 IST" skipped="0">
  <testcase classname="testscripts.TC01_Sample" name="verifyDataProvider" time="0.004"/>
  <system-out/>
  <testcase classname="testscripts.TC01_Sample" name="verifyDataProvider" time="0.001"/>
  <system-out/>
</testsuite> <!-- testscripts.TC01_Sample -->
